13:26:44.887 [AWT-EventQueue-0] INFO  c.b.actions.DisableBrowserStack - Setting disable browserstack run update
13:26:44.896 [AWT-EventQueue-0] INFO  c.b.actions.EnableBrowserStack - Setting enable browserstack run update
13:27:32.098 [AWT-EventQueue-0] INFO  c.b.launchers.LaunchMavenCommand - Integrate source: java:intellij:v1.1.6
13:27:32.098 [AWT-EventQueue-0] INFO  c.b.launchers.LaunchMavenCommand - Executing maven archetype command - browserstack-sdk-archetype-integrate
13:27:32.349 [ApplicationImpl pooled thread 14] INFO  c.b.l.BrowserStackRunExtension - maven
13:27:32.350 [ApplicationImpl pooled thread 14] INFO  com.browserstack.utils.Helpers - null
13:27:50.434 [java.exe] INFO  c.b.launchers.LaunchMavenCommand - Completed maven archetype command
13:29:12.765 [ApplicationImpl pooled thread 18] INFO  c.b.l.BrowserStackRunExtension - testng
13:29:12.766 [ApplicationImpl pooled thread 18] INFO  com.browserstack.utils.Helpers - true
13:29:12.766 [ApplicationImpl pooled thread 18] INFO  com.browserstack.utils.Helpers - C:/Users/Freeuni/.m2/repository/com/browserstack/browserstack-java-sdk/1.30.0/browserstack-java-sdk-1.30.0.jar
13:29:12.766 [ApplicationImpl pooled thread 18] INFO  c.b.l.BrowserStackRunExtension - Agent path: C:/Users/Freeuni/.m2/repository/com/browserstack/browserstack-java-sdk/1.30.0/browserstack-java-sdk-1.30.0.jar
13:29:12.767 [ApplicationImpl pooled thread 18] INFO  c.b.l.BrowserStackRunExtension - Adding Browserstack SDK javaagent argline
13:29:12.767 [ApplicationImpl pooled thread 18] INFO  c.b.l.BrowserStackRunExtension - Plugin version: v1.1.6
13:33:02.120 [ApplicationImpl pooled thread 20] INFO  c.b.l.BrowserStackRunExtension - testng
13:33:02.120 [ApplicationImpl pooled thread 20] INFO  com.browserstack.utils.Helpers - true
13:33:02.121 [ApplicationImpl pooled thread 20] INFO  com.browserstack.utils.Helpers - C:/Users/Freeuni/.m2/repository/com/browserstack/browserstack-java-sdk/1.30.0/browserstack-java-sdk-1.30.0.jar
13:33:02.121 [ApplicationImpl pooled thread 20] INFO  c.b.l.BrowserStackRunExtension - Agent path: C:/Users/Freeuni/.m2/repository/com/browserstack/browserstack-java-sdk/1.30.0/browserstack-java-sdk-1.30.0.jar
13:33:02.121 [ApplicationImpl pooled thread 20] INFO  c.b.l.BrowserStackRunExtension - Adding Browserstack SDK javaagent argline
13:33:02.121 [ApplicationImpl pooled thread 20] INFO  c.b.l.BrowserStackRunExtension - Plugin version: v1.1.6
13:37:23.905 [ApplicationImpl pooled thread 18] INFO  c.b.l.BrowserStackRunExtension - testng
13:37:23.905 [ApplicationImpl pooled thread 18] INFO  com.browserstack.utils.Helpers - true
13:37:23.906 [ApplicationImpl pooled thread 18] INFO  com.browserstack.utils.Helpers - C:/Users/Freeuni/.m2/repository/com/browserstack/browserstack-java-sdk/1.30.0/browserstack-java-sdk-1.30.0.jar
13:37:23.906 [ApplicationImpl pooled thread 18] INFO  c.b.l.BrowserStackRunExtension - Agent path: C:/Users/Freeuni/.m2/repository/com/browserstack/browserstack-java-sdk/1.30.0/browserstack-java-sdk-1.30.0.jar
13:37:23.906 [ApplicationImpl pooled thread 18] INFO  c.b.l.BrowserStackRunExtension - Adding Browserstack SDK javaagent argline
13:37:23.906 [ApplicationImpl pooled thread 18] INFO  c.b.l.BrowserStackRunExtension - Plugin version: v1.1.6
13:42:13.986 [ApplicationImpl pooled thread 24] INFO  c.b.l.BrowserStackRunExtension - testng
13:42:13.986 [ApplicationImpl pooled thread 24] INFO  com.browserstack.utils.Helpers - true
13:42:13.987 [ApplicationImpl pooled thread 24] INFO  com.browserstack.utils.Helpers - C:/Users/Freeuni/.m2/repository/com/browserstack/browserstack-java-sdk/1.30.0/browserstack-java-sdk-1.30.0.jar
13:42:13.987 [ApplicationImpl pooled thread 24] INFO  c.b.l.BrowserStackRunExtension - Agent path: C:/Users/Freeuni/.m2/repository/com/browserstack/browserstack-java-sdk/1.30.0/browserstack-java-sdk-1.30.0.jar
13:42:13.987 [ApplicationImpl pooled thread 24] INFO  c.b.l.BrowserStackRunExtension - Adding Browserstack SDK javaagent argline
13:42:13.987 [ApplicationImpl pooled thread 24] INFO  c.b.l.BrowserStackRunExtension - Plugin version: v1.1.6
18:49:42.546 [ApplicationImpl pooled thread 19] INFO  c.b.l.BrowserStackRunExtension - testng
18:49:42.548 [ApplicationImpl pooled thread 19] INFO  com.browserstack.utils.Helpers - true
18:49:42.549 [ApplicationImpl pooled thread 19] INFO  com.browserstack.utils.Helpers - C:/Users/Freeuni/.m2/repository/com/browserstack/browserstack-java-sdk/1.30.0/browserstack-java-sdk-1.30.0.jar
18:49:42.549 [ApplicationImpl pooled thread 19] INFO  c.b.l.BrowserStackRunExtension - Agent path: C:/Users/Freeuni/.m2/repository/com/browserstack/browserstack-java-sdk/1.30.0/browserstack-java-sdk-1.30.0.jar
18:49:42.549 [ApplicationImpl pooled thread 19] INFO  c.b.l.BrowserStackRunExtension - Adding Browserstack SDK javaagent argline
18:49:42.549 [ApplicationImpl pooled thread 19] INFO  c.b.l.BrowserStackRunExtension - Plugin version: v1.1.6
